2024-08-07 10:32:58,190 INFO o.s.b.StartupInfoLogger [restartedMain] Starting QuizspringApplication using Java 17.0.10 with PID 27752 (D:\Spring-Security-Template-V4-main\target\classes started by VISHWADEEP in D:\Spring-Security-Template-V4-main)
2024-08-07 10:32:58,200 INFO o.s.b.SpringApplication [restartedMain] No active profile set, falling back to 1 default profile: "default"
2024-08-07 10:32:58,334 INFO o.s.b.l.DeferredLog [restartedMain] Devtools property defaults active! Set 'spring.devtools.add-properties' to 'false' to disable
2024-08-07 10:32:58,335 INFO o.s.b.l.DeferredLog [restartedMain] For additional web related logging consider setting the 'logging.level.web' property to 'DEBUG'
2024-08-07 10:33:00,648 INFO o.s.d.r.c.RepositoryConfigurationDelegate [restartedMain] Bootstrapping Spring Data JPA repositories in DEFAULT mode.
2024-08-07 10:33:00,831 INFO o.s.d.r.c.RepositoryConfigurationDelegate [restartedMain] Finished Spring Data repository scanning in 160 ms. Found 6 JPA repository interfaces.
2024-08-07 10:33:02,266 INFO o.s.b.w.e.t.TomcatWebServer [restartedMain] Tomcat initialized with port 8080 (http)
2024-08-07 10:33:02,290 INFO o.a.j.l.DirectJDKLog [restartedMain] Initializing ProtocolHandler ["http-nio-8080"]
2024-08-07 10:33:02,294 INFO o.a.j.l.DirectJDKLog [restartedMain] Starting service [Tomcat]
2024-08-07 10:33:02,295 INFO o.a.j.l.DirectJDKLog [restartedMain] Starting Servlet engine: [Apache Tomcat/10.1.26]
2024-08-07 10:33:02,398 INFO o.a.j.l.DirectJDKLog [restartedMain] Initializing Spring embedded WebApplicationContext
2024-08-07 10:33:02,400 INFO o.s.b.w.s.c.ServletWebServerApplicationContext [restartedMain] Root WebApplicationContext: initialization completed in 4060 ms
2024-08-07 10:33:02,640 INFO o.h.j.i.u.LogHelper [restartedMain] HHH000204: Processing PersistenceUnitInfo [name: default]
2024-08-07 10:33:02,781 INFO o.h.Version [restartedMain] HHH000412: Hibernate ORM core version 6.5.2.Final
2024-08-07 10:33:02,872 INFO o.h.c.i.RegionFactoryInitiator [restartedMain] HHH000026: Second-level cache disabled
2024-08-07 10:33:03,423 INFO o.s.o.j.p.SpringPersistenceUnitInfo [restartedMain] No LoadTimeWeaver setup: ignoring JPA class transformer
2024-08-07 10:33:03,486 INFO c.z.h.HikariDataSource [restartedMain] HikariPool-1 - Starting...
2024-08-07 10:33:04,151 INFO c.z.h.p.HikariPool [restartedMain] HikariPool-1 - Added connection com.mysql.cj.jdbc.ConnectionImpl@6adf4753
2024-08-07 10:33:04,156 INFO c.z.h.HikariDataSource [restartedMain] HikariPool-1 - Start completed.
2024-08-07 10:33:04,342 WARN o.h.e.j.d.i.DialectFactoryImpl [restartedMain] HHH90000025: MySQLDialect does not need to be specified explicitly using 'hibernate.dialect' (remove the property setting and it will be selected by default)
2024-08-07 10:33:05,917 INFO o.h.e.t.j.p.i.JtaPlatformInitiator [restartedMain] HHH000489: No JTA platform available (set 'hibernate.transaction.jta.platform' to enable JTA platform integration)
2024-08-07 10:33:06,119 INFO o.s.o.j.AbstractEntityManagerFactoryBean [restartedMain] Initialized JPA EntityManagerFactory for persistence unit 'default'
2024-08-07 10:33:06,750 INFO o.s.s.c.a.a.c.InitializeUserDetailsBeanManagerConfigurer$InitializeUserDetailsManagerConfigurer [restartedMain] Global AuthenticationManager configured with UserDetailsService bean with name userDetailsService
2024-08-07 10:33:07,051 WARN o.s.b.a.o.j.JpaBaseConfiguration$JpaWebConfiguration [restartedMain] spring.jpa.open-in-view is enabled by default. Therefore, database queries may be performed during view rendering. Explicitly configure spring.jpa.open-in-view to disable this warning
2024-08-07 10:33:07,655 DEBUG o.s.s.w.DefaultSecurityFilterChain [restartedMain] Will secure any request with filters: DisableEncodeUrlFilter, WebAsyncManagerIntegrationFilter, SecurityContextHolderFilter, HeaderWriterFilter, CorsFilter, LogoutFilter, JwtAuthenticationFilter, RequestCacheAwareFilter, SecurityContextHolderAwareRequestFilter, AnonymousAuthenticationFilter, SessionManagementFilter, ExceptionTranslationFilter, AuthorizationFilter
2024-08-07 10:33:08,202 INFO o.s.b.d.a.OptionalLiveReloadServer [restartedMain] LiveReload server is running on port 35729
2024-08-07 10:33:08,237 INFO o.a.j.l.DirectJDKLog [restartedMain] Starting ProtocolHandler ["http-nio-8080"]
2024-08-07 10:33:08,282 INFO o.s.b.w.e.t.TomcatWebServer [restartedMain] Tomcat started on port 8080 (http) with context path '/'
2024-08-07 10:33:08,297 INFO o.s.b.StartupInfoLogger [restartedMain] Started QuizspringApplication in 11.336 seconds (process running for 12.88)
2024-08-07 10:33:19,129 INFO o.a.j.l.DirectJDKLog [http-nio-8080-exec-1] Initializing Spring DispatcherServlet 'dispatcherServlet'
2024-08-07 10:33:19,129 INFO o.s.w.s.FrameworkServlet [http-nio-8080-exec-1] Initializing Servlet 'dispatcherServlet'
2024-08-07 10:33:19,137 INFO o.s.w.s.FrameworkServlet [http-nio-8080-exec-1] Completed initialization in 3 ms
2024-08-07 10:33:19,174 DEBUG o.s.s.w.FilterChainProxy [http-nio-8080-exec-1] Securing GET /swagger-ui/swagger-initializer.js
2024-08-07 10:33:19,195 DEBUG o.s.s.w.a.AnonymousAuthenticationFilter [http-nio-8080-exec-1] Set SecurityContextHolder to anonymous SecurityContext
2024-08-07 10:33:19,201 DEBUG o.s.s.w.FilterChainProxy [http-nio-8080-exec-1] Secured GET /swagger-ui/swagger-initializer.js
2024-08-07 10:33:19,422 DEBUG o.s.s.w.FilterChainProxy [http-nio-8080-exec-2] Securing GET /v3/api-docs/swagger-config
2024-08-07 10:33:19,422 DEBUG o.s.s.w.a.AnonymousAuthenticationFilter [http-nio-8080-exec-2] Set SecurityContextHolder to anonymous SecurityContext
2024-08-07 10:33:19,426 DEBUG o.s.s.w.FilterChainProxy [http-nio-8080-exec-2] Secured GET /v3/api-docs/swagger-config
2024-08-07 10:33:19,517 DEBUG o.s.s.w.FilterChainProxy [http-nio-8080-exec-3] Securing GET /v3/api-docs
2024-08-07 10:33:19,517 DEBUG o.s.s.w.a.AnonymousAuthenticationFilter [http-nio-8080-exec-3] Set SecurityContextHolder to anonymous SecurityContext
2024-08-07 10:33:19,521 DEBUG o.s.s.w.FilterChainProxy [http-nio-8080-exec-3] Secured GET /v3/api-docs
2024-08-07 10:33:20,524 INFO o.s.a.AbstractOpenApiResource [http-nio-8080-exec-3] Init duration for springdoc-openapi is: 981 ms
2024-08-07 10:33:59,392 DEBUG o.s.s.w.FilterChainProxy [http-nio-8080-exec-6] Securing POST /api/auth/register
2024-08-07 10:33:59,399 DEBUG o.s.s.w.a.AnonymousAuthenticationFilter [http-nio-8080-exec-6] Set SecurityContextHolder to anonymous SecurityContext
2024-08-07 10:33:59,401 DEBUG o.s.s.w.FilterChainProxy [http-nio-8080-exec-6] Secured POST /api/auth/register
2024-08-07 10:34:18,121 DEBUG o.s.s.w.FilterChainProxy [http-nio-8080-exec-8] Securing POST /api/auth/login
2024-08-07 10:34:18,125 DEBUG o.s.s.w.a.AnonymousAuthenticationFilter [http-nio-8080-exec-8] Set SecurityContextHolder to anonymous SecurityContext
2024-08-07 10:34:18,128 DEBUG o.s.s.w.FilterChainProxy [http-nio-8080-exec-8] Secured POST /api/auth/login
2024-08-07 10:34:18,395 DEBUG o.s.s.a.d.AbstractUserDetailsAuthenticationProvider [http-nio-8080-exec-8] Authenticated user
